#
# A fatal error has been detected by the Java Runtime Environment:
#
#  SIGSEGV (0xb) at pc=0x00007f0e1fe0a006, pid=40479, tid=139698634524640
#
# JRE version: Java(TM) SE Runtime Environment (7.0_67-b01) (build 1.7.0_67-b01)
# Java VM: Java HotSpot(TM) 64-Bit Server VM (24.65-b04 mixed mode linux-amd64 compressed oops)
# Problematic frame:
# V  [libjvm.so+0x638006]  alloc_object(_jclass*, Thread*)+0x16
#
# Failed to write core dump. Core dumps have been disabled. To enable core dumping, try "ulimit -c unlimited" before starting Java again
#
# If you would like to submit a bug report, please visit:
#   http://bugreport.sun.com/bugreport/crash.jsp
#

---------------  T H R E A D  ---------------

Current thread (0x0000000001620800):  JavaThread "main" [_thread_in_vm, id=40479, stack(0x00007fffc360e000,0x00007fffc370e000)]

siginfo:si_signo=SIGSEGV: si_errno=0, si_code=1 (SEGV_MAPERR), si_addr=0x0000000000000000

Registers:
RAX=0x00007f0e201cd3d8, RBX=0x0000000000000000, RCX=0x00007fffc370ad30, RDX=0x0000000001621358
RSP=0x00007fffc370ac20, RBP=0x00007fffc370ac40, RSI=0x0000000001620800, RDI=0x0000000000000000
R8 =0x000000000000000d, R9 =0x00007f0e1f7c87e0, R10=0x0000000000000000, R11=0x0000000000000000
R12=0x0000000001620800, R13=0x00007fffc370afd0, R14=0x00000000016209e8, R15=0x00007fffc370acb0
RIP=0x00007f0e1fe0a006, EFLAGS=0x0000000000010202, CSGSFS=0x0000000000000033, ERR=0x0000000000000004
  TRAPNO=0x000000000000000e

Top of Stack: (sp=0x00007fffc370ac20)
0x00007fffc370ac20:   00007fffc370aca0 0000000000000000
0x00007fffc370ac30:   0000000001620800 00007fffc370afd0
0x00007fffc370ac40:   00007fffc370ad20 00007f0e1fe1ddf1
0x00007fffc370ac50:   00000000016b4da0 00007fffc370ac00
0x00007fffc370ac60:   00007fffc370ad30 0000000000000000
0x00007fffc370ac70:   0100000000000001 0000000001620800
0x00007fffc370ac80:   00007fffc370acb0 0000000001619698
0x00007fffc370ac90:   0000000001620800 00007f0e1a6c3560
0x00007fffc370aca0:   000000000000063e 00007f0e201cd3d8
0x00007fffc370acb0:   0000000001620800 0000000001621350
0x00007fffc370acc0:   00007fff0000063e 00007f0e201cd3d8
0x00007fffc370acd0:   00007fffc370ad00 00007fffc370ad3c
0x00007fffc370ace0:   0000000001620800 0000000000000000
0x00007fffc370acf0:   0000000000000000 00000000016195b0
0x00007fffc370ad00:   0000000000404590 00007fffc370afd0
0x00007fffc370ad10:   0000000000000000 0000000000000000
0x00007fffc370ad20:   00000000016209e8 000000000040e24d
0x00007fffc370ad30:   0000003000000018 00007fffc370ae10
0x00007fffc370ad40:   00007fffc370ad50 0000000001620800
0x00007fffc370ad50:   00007fffc370ad90 0000003921edb7b9
0x00007fffc370ad60:   0000000000000000 0000000000000000
0x00007fffc370ad70:   000000000000000d 00007f0e1f7c87e0
0x00007fffc370ad80:   000000000000000e 00007f0e208e3000
0x00007fffc370ad90:   00007fffc370afd0 0000003921e73385
0x00007fffc370ada0:   000000000000063e 000000392218e780
0x00007fffc370adb0:   000000000000000a 000000000000000d
0x00007fffc370adc0:   00007fffc370afd0 0000003921e726df
0x00007fffc370add0:   000000392218e780 000000000000000d
0x00007fffc370ade0:   000000000000000d 0000003921e68e63
0x00007fffc370adf0:   00000000016195b0 00000000016209e8
0x00007fffc370ae00:   0000000000404590 000000000040dff9
0x00007fffc370ae10:   00000000016195f8 0000000001619628 

Instructions: (pc=0x00007f0e1fe0a006)
0x00007f0e1fe09fe6:   08 25 ff ff ff 7f 74 d1 eb a8 55 48 89 e5 48 89
0x00007f0e1fe09ff6:   5d e8 4c 89 65 f0 31 db 4c 89 6d f8 48 83 ec 20
0x00007f0e1fe0a006:   48 8b 3f 49 89 f5 e8 4f 87 fc ff 48 85 c0 49 89
0x00007f0e1fe0a016:   c4 bf 10 00 00 00 74 2b 49 8b 9d 20 01 00 00 48 

Register to memory mapping:

RAX=0x00007f0e201cd3d8: <offset 0x9fb3d8> in /usr/local/lib/libjvm.so at 0x00007f0e1f7d2000
RBX=0x0000000000000000 is an unknown value
RCX=0x00007fffc370ad30 is pointing into the stack for thread: 0x0000000001620800
RDX=0x0000000001621358 is an unknown value
RSP=0x00007fffc370ac20 is pointing into the stack for thread: 0x0000000001620800
RBP=0x00007fffc370ac40 is pointing into the stack for thread: 0x0000000001620800
RSI=0x0000000001620800 is a thread
RDI=0x0000000000000000 is an unknown value
R8 =0x000000000000000d is an unknown value
R9 =0x00007f0e1f7c87e0 is an unknown value
R10=0x0000000000000000 is an unknown value
R11=0x0000000000000000 is an unknown value
R12=0x0000000001620800 is a thread
R13=0x00007fffc370afd0 is pointing into the stack for thread: 0x0000000001620800
R14=0x00000000016209e8 is an unknown value
R15=0x00007fffc370acb0 is pointing into the stack for thread: 0x0000000001620800


Stack: [0x00007fffc360e000,0x00007fffc370e000],  sp=0x00007fffc370ac20,  free space=1011k
Native frames: (J=compiled Java code, j=interpreted, Vv=VM code, C=native code)
V  [libjvm.so+0x638006]  alloc_object(_jclass*, Thread*)+0x16
V  [libjvm.so+0x64bdf1]  jni_NewObjectV+0xb1


---------------  P R O C E S S  ---------------

Java Threads: ( => current thread )
  0x00000000016a8800 JavaThread "Service Thread" daemon [_thread_blocked, id=40488, stack(0x00007f0e193cf000,0x00007f0e194d0000)]
  0x00000000016a6800 JavaThread "C2 CompilerThread1" daemon [_thread_blocked, id=40487, stack(0x00007f0e194d0000,0x00007f0e195d1000)]
  0x00000000016a3800 JavaThread "C2 CompilerThread0" daemon [_thread_blocked, id=40486, stack(0x00007f0e195d1000,0x00007f0e196d2000)]
  0x00000000016a1800 JavaThread "Signal Dispatcher" daemon [_thread_blocked, id=40485, stack(0x00007f0e196d2000,0x00007f0e197d3000)]
  0x0000000001682800 JavaThread "Finalizer" daemon [_thread_blocked, id=40484, stack(0x00007f0e197d3000,0x00007f0e198d4000)]
  0x0000000001680800 JavaThread "Reference Handler" daemon [_thread_blocked, id=40483, stack(0x00007f0e198d4000,0x00007f0e199d5000)]
=>0x0000000001620800 JavaThread "main" [_thread_in_vm, id=40479, stack(0x00007fffc360e000,0x00007fffc370e000)]

Other Threads:
  0x000000000167c000 VMThread [stack: 0x00007f0e199d5000,0x00007f0e19ad6000] [id=40482]
  0x00000000016b3800 WatcherThread [stack: 0x00007f0e192ce000,0x00007f0e193cf000] [id=40489]

VM state:not at safepoint (normal execution)

VM Mutex/Monitor currently owned by a thread: None

Heap
 PSYoungGen      total 9728K, used 522K [0x00000000f5900000, 0x00000000f6380000, 0x0000000100000000)
  eden space 8704K, 6% used [0x00000000f5900000,0x00000000f5982a60,0x00000000f6180000)
  from space 1024K, 0% used [0x00000000f6280000,0x00000000f6280000,0x00000000f6380000)
  to   space 1024K, 0% used [0x00000000f6180000,0x00000000f6180000,0x00000000f6280000)
 ParOldGen       total 20992K, used 0K [0x00000000e0c00000, 0x00000000e2080000, 0x00000000f5900000)
  object space 20992K, 0% used [0x00000000e0c00000,0x00000000e0c00000,0x00000000e2080000)
 PSPermGen       total 21504K, used 2374K [0x00000000dba00000, 0x00000000dcf00000, 0x00000000e0c00000)
  object space 21504K, 11% used [0x00000000dba00000,0x00000000dbc51a60,0x00000000dcf00000)

Card table byte_map: [0x00007f0e1bd6a000,0x00007f0e1be8e000] byte_map_base: 0x00007f0e1b68d000

Polling page: 0x00007f0e208f9000

Code Cache  [0x00007f0e1bf4e000, 0x00007f0e1c1be000, 0x00007f0e1ef4e000)
 total_blobs=162 nmethods=0 adapters=131 free_code_cache=48776Kb largest_free_block=49946688

Compilation events (0 events):
No events

GC Heap History (0 events):
No events

Deoptimization events (0 events):
No events

Internal exceptions (6 events):
Event: 0.116 Thread 0x0000000001620800 Threw 0x00000000f5910238 at /HUDSON/workspace/7u-2-build-linux-amd64/jdk7u67/1368/hotspot/src/share/vm/prims/jni.cpp:3991
Event: 0.233 Thread 0x0000000001620800 Threw 0x00000000f5970a00 at /HUDSON/workspace/7u-2-build-linux-amd64/jdk7u67/1368/hotspot/src/share/vm/prims/jvm.cpp:1244
Event: 0.280 Thread 0x0000000001620800 Threw 0x00000000f5974f08 at /HUDSON/workspace/7u-2-build-linux-amd64/jdk7u67/1368/hotspot/src/share/vm/classfile/classFileParser.cpp:3132
Event: 0.289 Thread 0x0000000001620800 Threw 0x00000000f5974f08 at /HUDSON/workspace/7u-2-build-linux-amd64/jdk7u67/1368/hotspot/src/share/vm/prims/jvm.cpp:1248
Event: 0.289 Thread 0x0000000001620800 Threw 0x00000000f5975150 at /HUDSON/workspace/7u-2-build-linux-amd64/jdk7u67/1368/hotspot/src/share/vm/prims/jni.cpp:1598
Event: 0.289 Thread 0x0000000001620800 Threw 0x00000000f59752b8 at /HUDSON/workspace/7u-2-build-linux-amd64/jdk7u67/1368/hotspot/src/share/vm/prims/jni.cpp:1598

Events (10 events):
Event: 0.279 loading class 0x00007f0e1a717d70
Event: 0.279 loading class 0x00007f0e1a717d70 done
Event: 0.279 loading class 0x00007f0e1a717e00
Event: 0.280 loading class 0x00007f0e1a717e00 done
Event: 0.280 loading class 0x00007f0e1a6e8070
Event: 0.280 loading class 0x00007f0e1a6e8070 done
Event: 0.280 loading class 0x00007f0e1a6c33a0
Event: 0.288 loading class 0x00007f0e1a6c33a0 done
Event: 0.288 loading class 0x00007f0e1a6c32e0
Event: 0.289 loading class 0x00007f0e1a6c32e0 done


Dynamic libraries:
00400000-00417000 r-xp 00000000 fd:00 1057552                            /home/code/MyMpp/service/filetext
00616000-00617000 rw-p 00016000 fd:00 1057552                            /home/code/MyMpp/service/filetext
01618000-016df000 rw-p 00000000 00:00 0                                  [heap]
dba00000-dcf00000 rw-p 00000000 00:00 0 
dcf00000-e0c00000 rw-p 00000000 00:00 0 
e0c00000-e2080000 rw-p 00000000 00:00 0 
e2080000-f5900000 rw-p 00000000 00:00 0 
f5900000-f6380000 rw-p 00000000 00:00 0 
f6380000-100000000 rw-p 00000000 00:00 0 
31aca00000-31aca16000 r-xp 00000000 fd:00 1704307                        /lib64/libgcc_s-4.4.7-20120601.so.1
31aca16000-31acc15000 ---p 00016000 fd:00 1704307                        /lib64/libgcc_s-4.4.7-20120601.so.1
31acc15000-31acc16000 rw-p 00015000 fd:00 1704307                        /lib64/libgcc_s-4.4.7-20120601.so.1
31ace00000-31acee8000 r-xp 00000000 fd:00 292765                         /usr/lib64/libstdc++.so.6.0.13
31acee8000-31ad0e8000 ---p 000e8000 fd:00 292765                         /usr/lib64/libstdc++.so.6.0.13
31ad0e8000-31ad0ef000 r--p 000e8000 fd:00 292765                         /usr/lib64/libstdc++.so.6.0.13
31ad0ef000-31ad0f1000 rw-p 000ef000 fd:00 292765                         /usr/lib64/libstdc++.so.6.0.13
31ad0f1000-31ad106000 rw-p 00000000 00:00 0 
3921600000-3921620000 r-xp 00000000 fd:00 1704352                        /lib64/ld-2.12.so
392181f000-3921820000 r--p 0001f000 fd:00 1704352                        /lib64/ld-2.12.so
3921820000-3921821000 rw-p 00020000 fd:00 1704352                        /lib64/ld-2.12.so
3921821000-3921822000 rw-p 00000000 00:00 0 
3921a00000-3921a02000 r-xp 00000000 fd:00 1704356                        /lib64/libdl-2.12.so
3921a02000-3921c02000 ---p 00002000 fd:00 1704356                        /lib64/libdl-2.12.so
3921c02000-3921c03000 r--p 00002000 fd:00 1704356                        /lib64/libdl-2.12.so
3921c03000-3921c04000 rw-p 00003000 fd:00 1704356                        /lib64/libdl-2.12.so
3921e00000-3921f8b000 r-xp 00000000 fd:00 1704353                        /lib64/libc-2.12.so
3921f8b000-392218a000 ---p 0018b000 fd:00 1704353                        /lib64/libc-2.12.so
392218a000-392218e000 r--p 0018a000 fd:00 1704353                        /lib64/libc-2.12.so
392218e000-392218f000 rw-p 0018e000 fd:00 1704353                        /lib64/libc-2.12.so
392218f000-3922194000 rw-p 00000000 00:00 0 
3922200000-3922217000 r-xp 00000000 fd:00 1704354                        /lib64/libpthread-2.12.so
3922217000-3922417000 ---p 00017000 fd:00 1704354                        /lib64/libpthread-2.12.so
3922417000-3922418000 r--p 00017000 fd:00 1704354                        /lib64/libpthread-2.12.so
3922418000-3922419000 rw-p 00018000 fd:00 1704354                        /lib64/libpthread-2.12.so
3922419000-392241d000 rw-p 00000000 00:00 0 
3922600000-3922607000 r-xp 00000000 fd:00 1704355                        /lib64/librt-2.12.so
3922607000-3922806000 ---p 00007000 fd:00 1704355                        /lib64/librt-2.12.so
3922806000-3922807000 r--p 00006000 fd:00 1704355                        /lib64/librt-2.12.so
3922807000-3922808000 rw-p 00007000 fd:00 1704355                        /lib64/librt-2.12.so
3922a00000-3922a83000 r-xp 00000000 fd:00 1704377                        /lib64/libm-2.12.so
3922a83000-3922c82000 ---p 00083000 fd:00 1704377                        /lib64/libm-2.12.so
3922c82000-3922c83000 r--p 00082000 fd:00 1704377                        /lib64/libm-2.12.so
3922c83000-3922c84000 rw-p 00083000 fd:00 1704377                        /lib64/libm-2.12.so
3922e00000-3922e15000 r-xp 00000000 fd:00 1704373                        /lib64/libz.so.1.2.3
3922e15000-3923014000 ---p 00015000 fd:00 1704373                        /lib64/libz.so.1.2.3
3923014000-3923015000 r--p 00014000 fd:00 1704373                        /lib64/libz.so.1.2.3
3923015000-3923016000 rw-p 00015000 fd:00 1704373                        /lib64/libz.so.1.2.3
3923600000-392361d000 r-xp 00000000 fd:00 1704362                        /lib64/libselinux.so.1
392361d000-392381c000 ---p 0001d000 fd:00 1704362                        /lib64/libselinux.so.1
392381c000-392381d000 r--p 0001c000 fd:00 1704362                        /lib64/libselinux.so.1
392381d000-392381e000 rw-p 0001d000 fd:00 1704362                        /lib64/libselinux.so.1
392381e000-392381f000 rw-p 00000000 00:00 0 
3923a00000-3923a16000 r-xp 00000000 fd:00 1704361                        /lib64/libresolv-2.12.so
3923a16000-3923c16000 ---p 00016000 fd:00 1704361                        /lib64/libresolv-2.12.so
3923c16000-3923c17000 r--p 00016000 fd:00 1704361                        /lib64/libresolv-2.12.so
3923c17000-3923c18000 rw-p 00017000 fd:00 1704361                        /lib64/libresolv-2.12.so
3923c18000-3923c1a000 rw-p 00000000 00:00 0 
392da00000-392da03000 r-xp 00000000 fd:00 1704365                        /lib64/libcom_err.so.2.1
392da03000-392dc02000 ---p 00003000 fd:00 1704365                        /lib64/libcom_err.so.2.1
392dc02000-392dc03000 r--p 00002000 fd:00 1704365                        /lib64/libcom_err.so.2.1
392dc03000-392dc04000 rw-p 00003000 fd:00 1704365                        /lib64/libcom_err.so.2.1
392e200000-392e229000 r-xp 00000000 fd:00 1704364                        /lib64/libk5crypto.so.3.1
392e229000-392e429000 ---p 00029000 fd:00 1704364                        /lib64/libk5crypto.so.3.1
392e429000-392e42a000 r--p 00029000 fd:00 1704364                        /lib64/libk5crypto.so.3.1
392e42a000-392e42b000 rw-p 0002a000 fd:00 1704364                        /lib64/libk5crypto.so.3.1
392e42b000-392e42c000 rw-p 00000000 00:00 0 
392e600000-392e60a000 r-xp 00000000 fd:00 1704363                        /lib64/libkrb5support.so.0.1
392e60a000-392e809000 ---p 0000a000 fd:00 1704363                        /lib64/libkrb5support.so.0.1
392e809000-392e80a000 r--p 00009000 fd:00 1704363                        /lib64/libkrb5support.so.0.1
392e80a000-392e80b000 rw-p 0000a000 fd:00 1704363                        /lib64/libkrb5support.so.0.1
392ea00000-392eadb000 r-xp 00000000 fd:00 1704366                        /lib64/libkrb5.so.3.3
392eadb000-392ecda000 ---p 000db000 fd:00 1704366                        /lib64/libkrb5.so.3.3
392ecda000-392ece4000 r--p 000da000 fd:00 1704366                        /lib64/libkrb5.so.3.3
392ece4000-392ece6000 rw-p 000e4000 fd:00 1704366                        /lib64/libkrb5.so.3.3
392ee00000-392ee02000 r-xp 00000000 fd:00 1704360                        /lib64/libkeyutils.so.1.3
392ee02000-392f001000 ---p 00002000 fd:00 1704360                        /lib64/libkeyutils.so.1.3
392f001000-392f002000 r--p 00001000 fd:00 1704360                        /lib64/libkeyutils.so.1.3
392f002000-392f003000 rw-p 00002000 fd:00 1704360                        /lib64/libkeyutils.so.1.3
392f200000-392f3b5000 r-xp 00000000 fd:00 287233                         /usr/lib64/libcrypto.so.1.0.1e
392f3b5000-392f5b4000 ---p 001b5000 fd:00 287233                         /usr/lib64/libcrypto.so.1.0.1e
392f5b4000-392f5cf000 r--p 001b4000 fd:00 287233                         /usr/lib64/libcrypto.so.1.0.1e
392f5cf000-392f5db000 rw-p 001cf000 fd:00 287233                         /usr/lib64/libcrypto.so.1.0.1e
392f5db000-392f5df000 rw-p 00000000 00:00 0 
392fa00000-392fa41000 r-xp 00000000 fd:00 1704379                        /lib64/libgssapi_krb5.so.2.2
392fa41000-392fc41000 ---p 00041000 fd:00 1704379                        /lib64/libgssapi_krb5.so.2.2
392fc41000-392fc42000 r--p 00041000 fd:00 1704379                        /lib64/libgssapi_krb5.so.2.2
392fc42000-392fc44000 rw-p 00042000 fd:00 1704379                        /lib64/libgssapi_krb5.so.2.2
3932200000-3932261000 r-xp 00000000 fd:00 287234                         /usr/lib64/libssl.so.1.0.1e
3932261000-3932460000 ---p 00061000 fd:00 287234                         /usr/lib64/libssl.so.1.0.1e
3932460000-3932464000 r--p 00060000 fd:00 287234                         /usr/lib64/libssl.so.1.0.1e
3932464000-393246b000 rw-p 00064000 fd:00 287234                         /usr/lib64/libssl.so.1.0.1e
7f0de8000000-7f0de8021000 rw-p 00000000 00:00 0 
7f0de8021000-7f0dec000000 ---p 00000000 00:00 0 
7f0dec000000-7f0dec021000 rw-p 00000000 00:00 0 
7f0dec021000-7f0df0000000 ---p 00000000 00:00 0 
7f0df0000000-7f0df0021000 rw-p 00000000 00:00 0 
7f0df0021000-7f0df4000000 ---p 00000000 00:00 0 
7f0df4000000-7f0df4021000 rw-p 00000000 00:00 0 
7f0df4021000-7f0df8000000 ---p 00000000 00:00 0 
7f0df8000000-7f0df8021000 rw-p 00000000 00:00 0 
7f0df8021000-7f0dfc000000 ---p 00000000 00:00 0 
7f0dfe16f000-7f0e04000000 r--p 00000000 fd:00 263626                     /usr/lib/locale/locale-archive
7f0e04000000-7f0e04021000 rw-p 00000000 00:00 0 
7f0e04021000-7f0e08000000 ---p 00000000 00:00 0 
7f0e08000000-7f0e08021000 rw-p 00000000 00:00 0 
7f0e08021000-7f0e0c000000 ---p 00000000 00:00 0 
7f0e0c000000-7f0e0c021000 rw-p 00000000 00:00 0 
7f0e0c021000-7f0e10000000 ---p 00000000 00:00 0 
7f0e10000000-7f0e10021000 rw-p 00000000 00:00 0 
7f0e10021000-7f0e14000000 ---p 00000000 00:00 0 
7f0e14000000-7f0e14021000 rw-p 00000000 00:00 0 
7f0e14021000-7f0e18000000 ---p 00000000 00:00 0 
7f0e19087000-7f0e192ce000 rw-p 00000000 00:00 0 
7f0e192ce000-7f0e192cf000 ---p 00000000 00:00 0 
7f0e192cf000-7f0e193cf000 rw-p 00000000 00:00 0 
7f0e193cf000-7f0e193d2000 ---p 00000000 00:00 0 
7f0e193d2000-7f0e194d0000 rw-p 00000000 00:00 0 
7f0e194d0000-7f0e194d3000 ---p 00000000 00:00 0 
7f0e194d3000-7f0e195d1000 rw-p 00000000 00:00 0 
7f0e195d1000-7f0e195d4000 ---p 00000000 00:00 0 
7f0e195d4000-7f0e196d2000 rw-p 00000000 00:00 0 
7f0e196d2000-7f0e196d5000 ---p 00000000 00:00 0 
7f0e196d5000-7f0e197d3000 rw-p 00000000 00:00 0 
7f0e197d3000-7f0e197d6000 ---p 00000000 00:00 0 
7f0e197d6000-7f0e198d4000 rw-p 00000000 00:00 0 
7f0e198d4000-7f0e198d7000 ---p 00000000 00:00 0 
7f0e198d7000-7f0e199d5000 rw-p 00000000 00:00 0 
7f0e199d5000-7f0e199d6000 ---p 00000000 00:00 0 
7f0e199d6000-7f0e1a48d000 rw-p 00000000 00:00 0 
7f0e1a48d000-7f0e1a64c000 r--s 039e5000 fd:00 2233534                    /opt/jdk1.7.0_67/jre/lib/rt.jar
7f0e1a64c000-7f0e1ba98000 rw-p 00000000 00:00 0 
7f0e1ba98000-7f0e1ba99000 ---p 00000000 00:00 0 
7f0e1ba99000-7f0e1bb99000 rw-p 00000000 00:00 0 
7f0e1bb99000-7f0e1bb9a000 ---p 00000000 00:00 0 
7f0e1bb9a000-7f0e1bca5000 rw-p 00000000 00:00 0 
7f0e1bca5000-7f0e1bcc3000 rw-p 00000000 00:00 0 
7f0e1bcc3000-7f0e1bcce000 rw-p 00000000 00:00 0 
7f0e1bcce000-7f0e1bd6a000 rw-p 00000000 00:00 0 
7f0e1bd6a000-7f0e1bd75000 rw-p 00000000 00:00 0 
7f0e1bd75000-7f0e1bd93000 rw-p 00000000 00:00 0 
7f0e1bd93000-7f0e1bd9e000 rw-p 00000000 00:00 0 
7f0e1bd9e000-7f0e1be39000 rw-p 00000000 00:00 0 
7f0e1be39000-7f0e1be3f000 rw-p 00000000 00:00 0 
7f0e1be3f000-7f0e1be8d000 rw-p 00000000 00:00 0 
7f0e1be8d000-7f0e1be98000 rw-p 00000000 00:00 0 
7f0e1be98000-7f0e1bf4e000 rw-p 00000000 00:00 0 
7f0e1bf4e000-7f0e1c1be000 rwxp 00000000 00:00 0 
7f0e1c1be000-7f0e1ef4e000 rw-p 00000000 00:00 0 
7f0e1ef4e000-7f0e1ef68000 r-xp 00000000 fd:00 2233418                    /opt/jdk1.7.0_67/jre/lib/amd64/libzip.so
7f0e1ef68000-7f0e1f168000 ---p 0001a000 fd:00 2233418                    /opt/jdk1.7.0_67/jre/lib/amd64/libzip.so
7f0e1f168000-7f0e1f169000 rw-p 0001a000 fd:00 2233418                    /opt/jdk1.7.0_67/jre/lib/amd64/libzip.so
7f0e1f169000-7f0e1f175000 r-xp 00000000 fd:00 1703966                    /lib64/libnss_files-2.12.so
7f0e1f175000-7f0e1f375000 ---p 0000c000 fd:00 1703966                    /lib64/libnss_files-2.12.so
7f0e1f375000-7f0e1f376000 r--p 0000c000 fd:00 1703966                    /lib64/libnss_files-2.12.so
7f0e1f376000-7f0e1f377000 rw-p 0000d000 fd:00 1703966                    /lib64/libnss_files-2.12.so
7f0e1f38d000-7f0e1f38e000 rw-p 00000000 00:00 0 
7f0e1f38e000-7f0e1f3b7000 r-xp 00000000 fd:00 2233401                    /opt/jdk1.7.0_67/jre/lib/amd64/libjava.so
7f0e1f3b7000-7f0e1f5b7000 ---p 00029000 fd:00 2233401                    /opt/jdk1.7.0_67/jre/lib/amd64/libjava.so
7f0e1f5b7000-7f0e1f5b9000 rw-p 00029000 fd:00 2233401                    /opt/jdk1.7.0_67/jre/lib/amd64/libjava.so
7f0e1f5b9000-7f0e1f5c6000 r-xp 00000000 fd:00 2233363                    /opt/jdk1.7.0_67/jre/lib/amd64/libverify.so
7f0e1f5c6000-7f0e1f7c5000 ---p 0000d000 fd:00 2233363                    /opt/jdk1.7.0_67/jre/lib/amd64/libverify.so
7f0e1f7c5000-7f0e1f7c7000 rw-p 0000c000 fd:00 2233363                    /opt/jdk1.7.0_67/jre/lib/amd64/libverify.so
7f0e1f7c7000-7f0e1f7d2000 rw-p 00000000 00:00 0 
7f0e1f7d2000-7f0e20342000 r-xp 00000000 fd:00 2233377                    /opt/jdk1.7.0_67/jre/lib/amd64/server/libjvm.so
7f0e20342000-7f0e20541000 ---p 00b70000 fd:00 2233377                    /opt/jdk1.7.0_67/jre/lib/amd64/server/libjvm.so
7f0e20541000-7f0e20606000 rw-p 00b6f000 fd:00 2233377                    /opt/jdk1.7.0_67/jre/lib/amd64/server/libjvm.so
7f0e20606000-7f0e20647000 rw-p 00000000 00:00 0 
7f0e20647000-7f0e206dd000 r-xp 00000000 fd:00 296787                     /usr/local/lib/libthrift.so
7f0e206dd000-7f0e208dc000 ---p 00096000 fd:00 296787                     /usr/local/lib/libthrift.so
7f0e208dc000-7f0e208e3000 rw-p 00095000 fd:00 296787                     /usr/local/lib/libthrift.so
7f0e208e3000-7f0e208f0000 rw-p 00000000 00:00 0 
7f0e208f0000-7f0e208f8000 rw-s 00000000 fd:00 537392                     /tmp/hsperfdata_root/40479
7f0e208f8000-7f0e208f9000 rw-p 00000000 00:00 0 
7f0e208f9000-7f0e208fa000 r--p 00000000 00:00 0 
7f0e208fa000-7f0e208fb000 rw-p 00000000 00:00 0 
7fffc360e000-7fffc3611000 ---p 00000000 00:00 0 
7fffc3612000-7fffc370e000 rw-p 00000000 00:00 0                          [stack]
7fffc37a7000-7fffc37a8000 r-xp 00000000 00:00 0                          [vdso]
ffffffffff600000-ffffffffff601000 r-xp 00000000 00:00 0                  [vsyscall]

VM Arguments:
java_command: <unknown>
Launcher Type: generic

Environment Variables:
JAVA_HOME=/opt/jdk1.7.0_67
PATH=/home/thrift-install/bin:/usr/local/mpich/bin:/usr/local/findbugs/bin:/opt/jdk1.7.0_67/bin:/opt/Impala-cdh5.1.0_v1.4/thirdparty/hadoop-2.3.0-cdh5.1.0/bin:/opt/apache-maven-3.0.5/bin:/home/thrift-install/bin:/usr/local/mpich/bin:/usr/local/findbugs/bin:/opt/jdk1.7.0_67/bin:/opt/Impala-cdh5.1.0_v1.4/thirdparty/hadoop-2.3.0-cdh5.1.0/bin:/opt/apache-maven-3.0.5/bin:/usr/lib64/qt-3.3/bin:/usr/local/sbin:/usr/sbin:/sbin:/usr/local/bin:/usr/bin:/bin:/root/bin
USERNAME=root
LD_LIBRARY_PATH=/opt/jdk1.7.0_67/jre/lib/amd64/libjava.so:/opt/jdk1.7.0_67/jre/lib/amd64/server/libjvm.so
SHELL=/bin/bash
DISPLAY=:0.0

Signal Handlers:
SIGSEGV: [libjvm.so+0x99f4a0], sa_mask[0]=0x7ffbfeff, sa_flags=0x10000004
SIGBUS: [libjvm.so+0x99f4a0], sa_mask[0]=0x7ffbfeff, sa_flags=0x10000004
SIGFPE: [libjvm.so+0x81a860], sa_mask[0]=0x7ffbfeff, sa_flags=0x10000004
SIGPIPE: [libjvm.so+0x81a860], sa_mask[0]=0x7ffbfeff, sa_flags=0x10000004
SIGXFSZ: [libjvm.so+0x81a860], sa_mask[0]=0x7ffbfeff, sa_flags=0x10000004
SIGILL: [libjvm.so+0x81a860], sa_mask[0]=0x7ffbfeff, sa_flags=0x10000004
SIGUSR1: SIG_DFL, sa_mask[0]=0x00000000, sa_flags=0x00000000
SIGUSR2: [libjvm.so+0x81c060], sa_mask[0]=0x00000000, sa_flags=0x10000004
SIGHUP: [libjvm.so+0x81d160], sa_mask[0]=0x7ffbfeff, sa_flags=0x10000004
SIGINT: [libjvm.so+0x81d160], sa_mask[0]=0x7ffbfeff, sa_flags=0x10000004
SIGTERM: [libjvm.so+0x81d160], sa_mask[0]=0x7ffbfeff, sa_flags=0x10000004
SIGQUIT: [libjvm.so+0x81d160], sa_mask[0]=0x7ffbfeff, sa_flags=0x10000004


---------------  S Y S T E M  ---------------

OS:CentOS release 6.5 (Final)

uname:Linux 2.6.32-431.el6.x86_64 #1 SMP Fri Nov 22 03:15:09 UTC 2013 x86_64
libc:glibc 2.12 NPTL 2.12 
rlimit: STACK 10240k, CORE 0k, NPROC 15826, NOFILE 4096, AS infinity
load average:0.24 0.30 0.31

/proc/meminfo:
MemTotal:        2046588 kB
MemFree:          260300 kB
Buffers:            2104 kB
Cached:            80004 kB
SwapCached:       167464 kB
Active:          1144224 kB
Inactive:         476648 kB
Active(anon):    1114352 kB
Inactive(anon):   445172 kB
Active(file):      29872 kB
Inactive(file):    31476 kB
Unevictable:           0 kB
Mlocked:               0 kB
SwapTotal:       4095992 kB
SwapFree:        2623376 kB
Dirty:              1216 kB
Writeback:             0 kB
AnonPages:       1490792 kB
Mapped:            44388 kB
Shmem:             20700 kB
Slab:              88828 kB
SReclaimable:      21740 kB
SUnreclaim:        67088 kB
KernelStack:        4568 kB
PageTables:        38400 kB
NFS_Unstable:          0 kB
Bounce:                0 kB
WritebackTmp:          0 kB
CommitLimit:     5119284 kB
Committed_AS:    4342204 kB
VmallocTotal:   34359738367 kB
VmallocUsed:      149720 kB
VmallocChunk:   34359574088 kB
HardwareCorrupted:     0 kB
AnonHugePages:    798720 kB
HugePages_Total:       0
HugePages_Free:        0
HugePages_Rsvd:        0
HugePages_Surp:        0
Hugepagesize:       2048 kB
DirectMap4k:        8192 kB
DirectMap2M:     2088960 kB


CPU:total 2 (1 cores per cpu, 1 threads per core) family 6 model 42 stepping 7, cmov, cx8, fxsr, mmx, sse, sse2, sse3, ssse3, sse4.1, sse4.2, popcnt, avx, aes, tsc, tscinvbit

/proc/cpuinfo:
processor	: 0
vendor_id	: GenuineIntel
cpu family	: 6
model		: 42
model name	: Intel(R) Core(TM) i5-2410M CPU @ 2.30GHz
stepping	: 7
cpu MHz		: 2294.788
cache size	: 3072 KB
fpu		: yes
fpu_exception	: yes
cpuid level	: 13
wp		: yes
flags		: fpu vme de pse tsc msr pae mce cx8 apic sep mtrr pge mca cmov pat pse36 clflush dts mmx fxsr sse sse2 ss syscall nx rdtscp lm constant_tsc arch_perfmon pebs bts xtopology tsc_reliable nonstop_tsc aperfmperf unfair_spinlock pni pclmulqdq ssse3 cx16 pcid sse4_1 sse4_2 x2apic popcnt aes xsave avx hypervisor lahf_lm ida arat epb pln pts dts
bogomips	: 4589.57
clflush size	: 64
cache_alignment	: 64
address sizes	: 40 bits physical, 48 bits virtual
power management:

processor	: 1
vendor_id	: GenuineIntel
cpu family	: 6
model		: 42
model name	: Intel(R) Core(TM) i5-2410M CPU @ 2.30GHz
stepping	: 7
cpu MHz		: 2294.788
cache size	: 3072 KB
fpu		: yes
fpu_exception	: yes
cpuid level	: 13
wp		: yes
flags		: fpu vme de pse tsc msr pae mce cx8 apic sep mtrr pge mca cmov pat pse36 clflush dts mmx fxsr sse sse2 ss syscall nx rdtscp lm constant_tsc arch_perfmon pebs bts xtopology tsc_reliable nonstop_tsc aperfmperf unfair_spinlock pni pclmulqdq ssse3 cx16 pcid sse4_1 sse4_2 x2apic popcnt aes xsave avx hypervisor lahf_lm ida arat epb pln pts dts
bogomips	: 4589.57
clflush size	: 64
cache_alignment	: 64
address sizes	: 40 bits physical, 48 bits virtual
power management:



Memory: 4k page, physical 2046588k(260300k free), swap 4095992k(2623376k free)

vm_info: Java HotSpot(TM) 64-Bit Server VM (24.65-b04) for linux-amd64 JRE (1.7.0_67-b01), built on Jul 25 2014 09:20:21 by "java_re" with gcc 4.3.0 20080428 (Red Hat 4.3.0-8)

time: Fri Jun 26 17:17:35 2015
elapsed time: 0 seconds

